Watching for file changes with StatReloader
"GET / HTTP/1.1" 200 46
Not Found: /favicon.ico
"GET /favicon.ico HTTP/1.1" 404 2818
"GET /admin/ HTTP/1.1" 302 0
"GET /admin/login/?next=/admin/ HTTP/1.1" 200 4184
"GET /static/admin/css/base.css HTTP/1.1" 200 22154
"GET /static/admin/css/responsive.css HTTP/1.1" 200 16632
"GET /static/admin/js/nav_sidebar.js HTTP/1.1" 200 3063
"GET /static/admin/css/dark_mode.css HTTP/1.1" 200 2808
"GET /static/admin/js/theme.js HTTP/1.1" 200 1653
"GET /static/admin/css/nav_sidebar.css HTTP/1.1" 200 2810
"GET /static/admin/css/login.css HTTP/1.1" 200 951
Not Found: /favicon.ico
"GET /favicon.ico HTTP/1.1" 404 2818
"POST /admin/login/?next=/admin/ HTTP/1.1" 200 4352
"POST /admin/login/?next=/admin/ HTTP/1.1" 302 0
"GET /admin/ HTTP/1.1" 200 13668
"GET /static/admin/css/dashboard.css HTTP/1.1" 200 441
"GET /static/admin/img/icon-addlink.svg HTTP/1.1" 200 331
"GET /static/admin/img/icon-changelink.svg HTTP/1.1" 200 380
Watching for file changes with StatReloader
Bad Request: /api/register/
"POST /api/register/ HTTP/1.1" 400 115
"POST /api/register/ HTTP/1.1" 201 50
"POST /api/token/ HTTP/1.1" 200 483
